<?xml version="1.0" encoding="UTF-8"?>
<!-- Generated by org.testng.reporters.JUnitXMLReporter -->
<testsuite hostname="113271-T470p" name="Default test" tests="5" failures="0" timestamp="21 Jan 2019 18:11:16 GMT" time="81.364" errors="0">
  <testcase name="loginInTest" time="1.0" classname="com.finreach.tests.WebTests"/>
  <testcase name="nologinInTest" time="1.446" classname="com.finreach.tests.WebTests"/>
  <testcase name="createTest" time="4.055" classname="com.finreach.tests.WebTests"/>
  <testcase name="createandcancelTest" time="4.541" classname="com.finreach.tests.WebTests"/>
  <testcase name="editTest" time="14.475" classname="com.finreach.tests.WebTests"/>
</testsuite> <!-- Default test -->
